{
  "RSpec": {
    "coverage": {
      "/home/adaptable-illustrator-5739/tic-tac-toe-rb-ruby-apply-000/lib/tic_tac_toe.rb": [
        null,
        1,
        null,
        null,
        null,
        null,
        null,
        null,
        null,
        null,
        null,
        null,
        1,
        25,
        25,
        25,
        25,
        25,
        null,
        null,
        1,
        3,
        null,
        null,
        1,
        23,
        96,
        null,
        null,
        null,
        1,
        88,
        19,
        null,
        69,
        null,
        null,
        null,
        1,
        24,
        24,
        2,
        null,
        22,
        21,
        null,
        1,
        null,
        1,
        null,
        null,
        null,
        1,
        21,
        21,
        21,
        21,
        20,
        20,
        null,
        1,
        null,
        null,
        null,
        null,
        1,
        null,
        null,
        null,
        12,
        12,
        5,
        null,
        12,
        3,
        null,
        null,
        null,
        null,
        1,
        22,
        198,
        null,
        22,
        null,
        null,
        1,
        21,
        21,
        7,
        null,
        14,
        null,
        null,
        null,
        null,
        1,
        null,
        179,
        null,
        null,
        1,
        29,
        null,
        null,
        null,
        1,
        22,
        null,
        null,
        1,
        46,
        285,
        null,
        null,
        null,
        null,
        null,
        1,
        7,
        6,
        null,
        null
      ]
    },
    "timestamp": 1598407754
  }
}
