{
  "RSpec": {
    "coverage": {
      "/home/billyott/tic-tac-toe-rb-ruby-apply-000/lib/tic_tac_toe.rb": [
        1,
        24,
        24,
        24,
        24,
        24,
        null,
        null,
        null,
        1,
        23,
        null,
        null,
        null,
        1,
        22,
        null,
        null,
        null,
        1,
        27,
        24,
        3,
        0,
        3,
        0,
        3,
        2,
        1,
        1,
        null,
        null,
        null,
        null,
        1,
        23,
        1,
        22,
        20,
        null,
        2,
        null,
        null,
        null,
        null,
        1,
        21,
        21,
        189,
        31,
        158,
        null,
        null,
        21,
        null,
        null,
        null,
        1,
        20,
        20,
        14,
        6,
        null,
        20,
        null,
        null,
        1,
        20,
        20,
        20,
        20,
        19,
        19,
        null,
        1,
        null,
        null,
        null,
        null,
        null,
        1,
        null,
        null,
        null,
        null,
        null,
        null,
        null,
        null,
        null,
        null,
        1,
        60,
        60,
        412,
        412,
        1236,
        null,
        412,
        18,
        18,
        null,
        null,
        60,
        null,
        null,
        null,
        1,
        32,
        32,
        141,
        25,
        25,
        null,
        null,
        32,
        null,
        null,
        null,
        1,
        23,
        23,
        3,
        20,
        13,
        null,
        7,
        null,
        16,
        null,
        null,
        null,
        1,
        21,
        21,
        6,
        15,
        4,
        11,
        0,
        null,
        11,
        null,
        21,
        null,
        null,
        null,
        1,
        7,
        7,
        7,
        6,
        6,
        18,
        null,
        6,
        4,
        null,
        2,
        null,
        null,
        7,
        null,
        null,
        null,
        1,
        12,
        17,
        null,
        12,
        5,
        7,
        3,
        null,
        null,
        null
      ]
    },
    "timestamp": 1595052643
  }
}
